<?xml version="1.0" encoding="UTF-8"?>
<testng-results skipped="25" failed="0" total="25" passed="0">
  <reporter-output>
  </reporter-output>
  <suite name="Bank Management TestSuite" duration-ms="964" started-at="2017-10-07T06:57:10Z" finished-at="2017-10-07T06:57:11Z">
    <groups>
    </groups>
    <test name="Base2 Transaction Search" duration-ms="260" started-at="2017-10-07T06:57:10Z" finished-at="2017-10-07T06:57:11Z">
      <class name="com.interswitchgroup.V3P.BaseTests.UserLogout">
        <test-method status="SKIP" signature="Logout()[pri:0, instance:com.interswitchgroup.V3P.BaseTests.UserLogout@146ba0ac]" name="Logout" duration-ms="1" started-at="2017-10-07T07:57:11Z" finished-at="2017-10-07T07:57:11Z">
          <reporter-output>
          </reporter-output>
        </test-method> <!-- Logout -->
      </class> <!-- com.interswitchgroup.V3P.BaseTests.UserLogout -->
      <class name="com.interswitchgroup.V3P.BaseTests.UserLogin">
        <test-method status="FAIL" signature="StartTest(org.testng.ITestContext)[pri:0, instance:com.interswitchgroup.V3P.BaseTests.UserLogin@204f30ec]" name="StartTest" is-config="true" duration-ms="0" started-at="2017-10-07T07:57:10Z" finished-at="2017-10-07T07:57:10Z">
          <params>
            <param index="0">
              <value>
                <![CDATA[org.testng.TestRunner@3c153a1]]>
              </value>
            </param>
          </params>
          <exception class="java.lang.IllegalStateException">
            <message>
              <![CDATA[The driver executable does not exist: C:\Drivers\chromedriver.exe]]>
            </message>
            <full-stacktrace>
              <![CDATA[java.lang.IllegalStateException: The driver executable does not exist: C:\Drivers\chromedriver.exe
	at com.google.common.base.Preconditions.checkState(Preconditions.java:199)
	at org.openqa.selenium.remote.service.DriverService.checkExecutable(DriverService.java:121)
	at org.openqa.selenium.remote.service.DriverService.findExecutable(DriverService.java:116)
	at org.openqa.selenium.chrome.ChromeDriverService.access$000(ChromeDriverService.java:32)
	at org.openqa.selenium.chrome.ChromeDriverService$Builder.findDefaultExecutable(ChromeDriverService.java:137)
	at org.openqa.selenium.remote.service.DriverService$Builder.build(DriverService.java:296)
	at org.openqa.selenium.chrome.ChromeDriverService.createDefaultService(ChromeDriverService.java:88)
	at org.openqa.selenium.chrome.ChromeDriver.<init>(ChromeDriver.java:120)
	at com.interswitchgroup.V3P.Utilities.BrowserFactory.getBrowser(BrowserFactory.java:50)
	at com.interswitchgroup.V3P.BaseTests.BaseTest.StartTest(BaseTest.java:42)
	at sun.reflect.NativeMethodAccessorImpl.invoke0(Native Method)
	at sun.reflect.NativeMethodAccessorImpl.invoke(NativeMethodAccessorImpl.java:62)
	at sun.reflect.DelegatingMethodAccessorImpl.invoke(DelegatingMethodAccessorImpl.java:43)
	at java.lang.reflect.Method.invoke(Method.java:497)
	at org.testng.internal.MethodInvocationHelper.invokeMethod(MethodInvocationHelper.java:85)
	at org.testng.internal.Invoker.invokeConfigurationMethod(Invoker.java:510)
	at org.testng.internal.Invoker.invokeConfigurations(Invoker.java:211)
	at org.testng.internal.Invoker.invokeConfigurations(Invoker.java:138)
	at org.testng.TestRunner.beforeRun(TestRunner.java:648)
	at org.testng.TestRunner.run(TestRunner.java:616)
	at org.testng.SuiteRunner.runTest(SuiteRunner.java:359)
	at org.testng.SuiteRunner.runSequentially(SuiteRunner.java:354)
	at org.testng.SuiteRunner.privateRun(SuiteRunner.java:312)
	at org.testng.SuiteRunner.run(SuiteRunner.java:261)
	at org.testng.SuiteRunnerWorker.runSuite(SuiteRunnerWorker.java:52)
	at org.testng.SuiteRunnerWorker.run(SuiteRunnerWorker.java:86)
	at org.testng.TestNG.runSuitesSequentially(TestNG.java:1215)
	at org.testng.TestNG.runSuitesLocally(TestNG.java:1140)
	at org.testng.TestNG.run(TestNG.java:1048)
	at org.testng.remote.RemoteTestNG.run(RemoteTestNG.java:112)
	at org.testng.remote.RemoteTestNG.initAndRun(RemoteTestNG.java:205)
	at org.testng.remote.RemoteTestNG.main(RemoteTestNG.java:176)
]]>
            </full-stacktrace>
          </exception> <!-- java.lang.IllegalStateException -->
          <reporter-output>
          </reporter-output>
        </test-method> <!-- StartTest -->
        <test-method status="SKIP" signature="TestInit()[pri:0, instance:com.interswitchgroup.V3P.BankMgt.Base2TransactionSearch@e25b2fe]" name="TestInit" is-config="true" duration-ms="0" started-at="2017-10-07T07:57:11Z" depends-on-methods="com.interswitchgroup.V3P.BaseTests.BaseTest.StartTest" finished-at="2017-10-07T07:57:11Z">
          <reporter-output>
          </reporter-output>
        </test-method> <!-- TestInit -->
        <test-method status="SKIP" signature="TestInit(java.lang.String)[pri:0, instance:com.interswitchgroup.V3P.BaseTests.UserLogin@204f30ec]" name="TestInit" is-config="true" duration-ms="0" started-at="2017-10-07T07:57:11Z" depends-on-methods="com.interswitchgroup.V3P.BankMgt.Base2TransactionSearch.TestInit, com.interswitchgroup.V3P.BaseTests.BaseTest.StartTest" finished-at="2017-10-07T07:57:11Z">
          <reporter-output>
          </reporter-output>
        </test-method> <!-- TestInit -->
        <test-method status="SKIP" signature="SignIn()[pri:1, instance:com.interswitchgroup.V3P.BaseTests.UserLogin@204f30ec]" name="SignIn" duration-ms="1" started-at="2017-10-07T07:57:11Z" finished-at="2017-10-07T07:57:11Z">
          <reporter-output>
          </reporter-output>
        </test-method> <!-- SignIn -->
        <test-method status="SKIP" signature="NavigateToApp()[pri:2, instance:com.interswitchgroup.V3P.BaseTests.UserLogin@204f30ec]" name="NavigateToApp" duration-ms="1" started-at="2017-10-07T07:57:11Z" finished-at="2017-10-07T07:57:11Z">
          <reporter-output>
          </reporter-output>
        </test-method> <!-- NavigateToApp -->
        <test-method status="SKIP" signature="endTest()[pri:0, instance:com.interswitchgroup.V3P.BaseTests.UserLogin@204f30ec]" name="endTest" is-config="true" duration-ms="0" started-at="2017-10-07T07:57:11Z" finished-at="2017-10-07T07:57:11Z">
          <reporter-output>
          </reporter-output>
        </test-method> <!-- endTest -->
      </class> <!-- com.interswitchgroup.V3P.BaseTests.UserLogin -->
      <class name="com.interswitchgroup.V3P.BankMgt.Base2TransactionSearch">
        <test-method status="SKIP" signature="SearchbyDate()[pri:1, instance:com.interswitchgroup.V3P.BankMgt.Base2TransactionSearch@e25b2fe]" name="SearchbyDate" duration-ms="1" started-at="2017-10-07T07:57:11Z" finished-at="2017-10-07T07:57:11Z">
          <reporter-output>
          </reporter-output>
        </test-method> <!-- SearchbyDate -->
        <test-method status="SKIP" signature="SearchbyTerminalId()[pri:2, instance:com.interswitchgroup.V3P.BankMgt.Base2TransactionSearch@e25b2fe]" name="SearchbyTerminalId" duration-ms="2" started-at="2017-10-07T07:57:11Z" finished-at="2017-10-07T07:57:11Z">
          <reporter-output>
          </reporter-output>
        </test-method> <!-- SearchbyTerminalId -->
        <test-method status="SKIP" signature="SearchbyAuthCode()[pri:3, instance:com.interswitchgroup.V3P.BankMgt.Base2TransactionSearch@e25b2fe]" name="SearchbyAuthCode" duration-ms="1" started-at="2017-10-07T07:57:11Z" finished-at="2017-10-07T07:57:11Z">
          <reporter-output>
          </reporter-output>
        </test-method> <!-- SearchbyAuthCode -->
        <test-method status="SKIP" signature="SearchbyfirstPan()[pri:4, instance:com.interswitchgroup.V3P.BankMgt.Base2TransactionSearch@e25b2fe]" name="SearchbyfirstPan" duration-ms="1" started-at="2017-10-07T07:57:11Z" finished-at="2017-10-07T07:57:11Z">
          <reporter-output>
          </reporter-output>
        </test-method> <!-- SearchbyfirstPan -->
        <test-method status="SKIP" signature="SearchbylastPan()[pri:5, instance:com.interswitchgroup.V3P.BankMgt.Base2TransactionSearch@e25b2fe]" name="SearchbylastPan" duration-ms="2" started-at="2017-10-07T07:57:11Z" finished-at="2017-10-07T07:57:11Z">
          <reporter-output>
          </reporter-output>
        </test-method> <!-- SearchbylastPan -->
        <test-method status="SKIP" signature="SearchbyPan()[pri:6, instance:com.interswitchgroup.V3P.BankMgt.Base2TransactionSearch@e25b2fe]" name="SearchbyPan" duration-ms="2" started-at="2017-10-07T07:57:11Z" finished-at="2017-10-07T07:57:11Z">
          <reporter-output>
          </reporter-output>
        </test-method> <!-- SearchbyPan -->
        <test-method status="SKIP" signature="SearchbyTransStatus()[pri:7, instance:com.interswitchgroup.V3P.BankMgt.Base2TransactionSearch@e25b2fe]" name="SearchbyTransStatus" duration-ms="2" started-at="2017-10-07T07:57:11Z" finished-at="2017-10-07T07:57:11Z">
          <reporter-output>
          </reporter-output>
        </test-method> <!-- SearchbyTransStatus -->
        <test-method status="SKIP" signature="SearchbyRaisedBy()[pri:8, instance:com.interswitchgroup.V3P.BankMgt.Base2TransactionSearch@e25b2fe]" name="SearchbyRaisedBy" duration-ms="2" started-at="2017-10-07T07:57:11Z" finished-at="2017-10-07T07:57:11Z">
          <reporter-output>
          </reporter-output>
        </test-method> <!-- SearchbyRaisedBy -->
        <test-method status="SKIP" signature="SearchbyNoCriteria()[pri:9, instance:com.interswitchgroup.V3P.BankMgt.Base2TransactionSearch@e25b2fe]" name="SearchbyNoCriteria" duration-ms="2" started-at="2017-10-07T07:57:11Z" finished-at="2017-10-07T07:57:11Z">
          <reporter-output>
          </reporter-output>
        </test-method> <!-- SearchbyNoCriteria -->
      </class> <!-- com.interswitchgroup.V3P.BankMgt.Base2TransactionSearch -->
    </test> <!-- Base2 Transaction Search -->
    <test name="SMS Transaction Search" duration-ms="45" started-at="2017-10-07T06:57:11Z" finished-at="2017-10-07T06:57:11Z">
      <class name="com.interswitchgroup.V3P.BaseTests.UserLogout">
        <test-method status="SKIP" signature="Logout()[pri:0, instance:com.interswitchgroup.V3P.BaseTests.UserLogout@5f2108b5]" name="Logout" duration-ms="2" started-at="2017-10-07T07:57:11Z" finished-at="2017-10-07T07:57:11Z">
          <reporter-output>
          </reporter-output>
        </test-method> <!-- Logout -->
      </class> <!-- com.interswitchgroup.V3P.BaseTests.UserLogout -->
      <class name="com.interswitchgroup.V3P.BankMgt.smsTransactionSearch">
        <test-method status="SKIP" signature="SearchbyTransDate()[pri:1, instance:com.interswitchgroup.V3P.BankMgt.smsTransactionSearch@5bcab519]" name="SearchbyTransDate" duration-ms="2" started-at="2017-10-07T07:57:11Z" finished-at="2017-10-07T07:57:11Z">
          <reporter-output>
          </reporter-output>
        </test-method> <!-- SearchbyTransDate -->
        <test-method status="SKIP" signature="SearchbyTerminalId()[pri:2, instance:com.interswitchgroup.V3P.BankMgt.smsTransactionSearch@5bcab519]" name="SearchbyTerminalId" duration-ms="1" started-at="2017-10-07T07:57:11Z" finished-at="2017-10-07T07:57:11Z">
          <reporter-output>
          </reporter-output>
        </test-method> <!-- SearchbyTerminalId -->
        <test-method status="SKIP" signature="SearchbyRequestMsgType()[pri:3, instance:com.interswitchgroup.V3P.BankMgt.smsTransactionSearch@5bcab519]" name="SearchbyRequestMsgType" duration-ms="2" started-at="2017-10-07T07:57:11Z" finished-at="2017-10-07T07:57:11Z">
          <reporter-output>
          </reporter-output>
        </test-method> <!-- SearchbyRequestMsgType -->
        <test-method status="SKIP" signature="SearchbyFirstPan()[pri:4, instance:com.interswitchgroup.V3P.BankMgt.smsTransactionSearch@5bcab519]" name="SearchbyFirstPan" duration-ms="1" started-at="2017-10-07T07:57:11Z" finished-at="2017-10-07T07:57:11Z">
          <reporter-output>
          </reporter-output>
        </test-method> <!-- SearchbyFirstPan -->
        <test-method status="SKIP" signature="SearchbyLastPan()[pri:5, instance:com.interswitchgroup.V3P.BankMgt.smsTransactionSearch@5bcab519]" name="SearchbyLastPan" duration-ms="2" started-at="2017-10-07T07:57:11Z" finished-at="2017-10-07T07:57:11Z">
          <reporter-output>
          </reporter-output>
        </test-method> <!-- SearchbyLastPan -->
        <test-method status="SKIP" signature="SearchbyPan()[pri:6, instance:com.interswitchgroup.V3P.BankMgt.smsTransactionSearch@5bcab519]" name="SearchbyPan" duration-ms="1" started-at="2017-10-07T07:57:11Z" finished-at="2017-10-07T07:57:11Z">
          <reporter-output>
          </reporter-output>
        </test-method> <!-- SearchbyPan -->
        <test-method status="SKIP" signature="SearchbyTransDecription()[pri:7, instance:com.interswitchgroup.V3P.BankMgt.smsTransactionSearch@5bcab519]" name="SearchbyTransDecription" duration-ms="2" started-at="2017-10-07T07:57:11Z" finished-at="2017-10-07T07:57:11Z">
          <reporter-output>
          </reporter-output>
        </test-method> <!-- SearchbyTransDecription -->
        <test-method status="SKIP" signature="SearchbyCPDDate()[pri:8, instance:com.interswitchgroup.V3P.BankMgt.smsTransactionSearch@5bcab519]" name="SearchbyCPDDate" duration-ms="1" started-at="2017-10-07T07:57:11Z" finished-at="2017-10-07T07:57:11Z">
          <reporter-output>
          </reporter-output>
        </test-method> <!-- SearchbyCPDDate -->
        <test-method status="SKIP" signature="SearchbyRaisedBy()[pri:9, instance:com.interswitchgroup.V3P.BankMgt.smsTransactionSearch@5bcab519]" name="SearchbyRaisedBy" duration-ms="2" started-at="2017-10-07T07:57:11Z" finished-at="2017-10-07T07:57:11Z">
          <reporter-output>
          </reporter-output>
        </test-method> <!-- SearchbyRaisedBy -->
        <test-method status="SKIP" signature="SearchbyNoCriteria()[pri:10, instance:com.interswitchgroup.V3P.BankMgt.smsTransactionSearch@5bcab519]" name="SearchbyNoCriteria" duration-ms="2" started-at="2017-10-07T07:57:11Z" finished-at="2017-10-07T07:57:11Z">
          <reporter-output>
          </reporter-output>
        </test-method> <!-- SearchbyNoCriteria -->
      </class> <!-- com.interswitchgroup.V3P.BankMgt.smsTransactionSearch -->
      <class name="com.interswitchgroup.V3P.BaseTests.UserLogin">
        <test-method status="PASS" signature="SuiteInit(org.testng.ITestContext)[pri:0, instance:com.interswitchgroup.V3P.BaseTests.UserLogin@6fd02e5]" name="SuiteInit" is-config="true" duration-ms="373" started-at="2017-10-07T07:57:10Z" finished-at="2017-10-07T07:57:10Z">
          <params>
            <param index="0">
              <value>
                <![CDATA[org.testng.TestRunner@5d0bf09b]]>
              </value>
            </param>
          </params>
          <reporter-output>
          </reporter-output>
        </test-method> <!-- SuiteInit -->
        <test-method status="FAIL" signature="StartTest(org.testng.ITestContext)[pri:0, instance:com.interswitchgroup.V3P.BaseTests.UserLogin@6fd02e5]" name="StartTest" is-config="true" duration-ms="0" started-at="2017-10-07T07:57:11Z" finished-at="2017-10-07T07:57:11Z">
          <params>
            <param index="0">
              <value>
                <![CDATA[org.testng.TestRunner@5d0bf09b]]>
              </value>
            </param>
          </params>
          <exception class="java.lang.IllegalStateException">
            <message>
              <![CDATA[The driver executable does not exist: C:\Drivers\chromedriver.exe]]>
            </message>
            <full-stacktrace>
              <![CDATA[java.lang.IllegalStateException: The driver executable does not exist: C:\Drivers\chromedriver.exe
	at com.google.common.base.Preconditions.checkState(Preconditions.java:199)
	at org.openqa.selenium.remote.service.DriverService.checkExecutable(DriverService.java:121)
	at org.openqa.selenium.remote.service.DriverService.findExecutable(DriverService.java:116)
	at org.openqa.selenium.chrome.ChromeDriverService.access$000(ChromeDriverService.java:32)
	at org.openqa.selenium.chrome.ChromeDriverService$Builder.findDefaultExecutable(ChromeDriverService.java:137)
	at org.openqa.selenium.remote.service.DriverService$Builder.build(DriverService.java:296)
	at org.openqa.selenium.chrome.ChromeDriverService.createDefaultService(ChromeDriverService.java:88)
	at org.openqa.selenium.chrome.ChromeDriver.<init>(ChromeDriver.java:120)
	at com.interswitchgroup.V3P.Utilities.BrowserFactory.getBrowser(BrowserFactory.java:50)
	at com.interswitchgroup.V3P.BaseTests.BaseTest.StartTest(BaseTest.java:42)
	at sun.reflect.NativeMethodAccessorImpl.invoke0(Native Method)
	at sun.reflect.NativeMethodAccessorImpl.invoke(NativeMethodAccessorImpl.java:62)
	at sun.reflect.DelegatingMethodAccessorImpl.invoke(DelegatingMethodAccessorImpl.java:43)
	at java.lang.reflect.Method.invoke(Method.java:497)
	at org.testng.internal.MethodInvocationHelper.invokeMethod(MethodInvocationHelper.java:85)
	at org.testng.internal.Invoker.invokeConfigurationMethod(Invoker.java:510)
	at org.testng.internal.Invoker.invokeConfigurations(Invoker.java:211)
	at org.testng.internal.Invoker.invokeConfigurations(Invoker.java:138)
	at org.testng.TestRunner.beforeRun(TestRunner.java:648)
	at org.testng.TestRunner.run(TestRunner.java:616)
	at org.testng.SuiteRunner.runTest(SuiteRunner.java:359)
	at org.testng.SuiteRunner.runSequentially(SuiteRunner.java:354)
	at org.testng.SuiteRunner.privateRun(SuiteRunner.java:312)
	at org.testng.SuiteRunner.run(SuiteRunner.java:261)
	at org.testng.SuiteRunnerWorker.runSuite(SuiteRunnerWorker.java:52)
	at org.testng.SuiteRunnerWorker.run(SuiteRunnerWorker.java:86)
	at org.testng.TestNG.runSuitesSequentially(TestNG.java:1215)
	at org.testng.TestNG.runSuitesLocally(TestNG.java:1140)
	at org.testng.TestNG.run(TestNG.java:1048)
	at org.testng.remote.RemoteTestNG.run(RemoteTestNG.java:112)
	at org.testng.remote.RemoteTestNG.initAndRun(RemoteTestNG.java:205)
	at org.testng.remote.RemoteTestNG.main(RemoteTestNG.java:176)
]]>
            </full-stacktrace>
          </exception> <!-- java.lang.IllegalStateException -->
          <reporter-output>
          </reporter-output>
        </test-method> <!-- StartTest -->
        <test-method status="SKIP" signature="TestInit()[pri:0, instance:com.interswitchgroup.V3P.BankMgt.smsTransactionSearch@5bcab519]" name="TestInit" is-config="true" duration-ms="0" started-at="2017-10-07T07:57:11Z" depends-on-methods="com.interswitchgroup.V3P.BaseTests.BaseTest.StartTest" finished-at="2017-10-07T07:57:11Z">
          <reporter-output>
          </reporter-output>
        </test-method> <!-- TestInit -->
        <test-method status="SKIP" signature="TestInit(java.lang.String)[pri:0, instance:com.interswitchgroup.V3P.BaseTests.UserLogin@6fd02e5]" name="TestInit" is-config="true" duration-ms="0" started-at="2017-10-07T07:57:11Z" depends-on-methods="com.interswitchgroup.V3P.BankMgt.smsTransactionSearch.TestInit, com.interswitchgroup.V3P.BaseTests.BaseTest.StartTest" finished-at="2017-10-07T07:57:11Z">
          <reporter-output>
          </reporter-output>
        </test-method> <!-- TestInit -->
        <test-method status="SKIP" signature="SignIn()[pri:1, instance:com.interswitchgroup.V3P.BaseTests.UserLogin@6fd02e5]" name="SignIn" duration-ms="1" started-at="2017-10-07T07:57:11Z" finished-at="2017-10-07T07:57:11Z">
          <reporter-output>
          </reporter-output>
        </test-method> <!-- SignIn -->
        <test-method status="SKIP" signature="NavigateToApp()[pri:2, instance:com.interswitchgroup.V3P.BaseTests.UserLogin@6fd02e5]" name="NavigateToApp" duration-ms="1" started-at="2017-10-07T07:57:11Z" finished-at="2017-10-07T07:57:11Z">
          <reporter-output>
          </reporter-output>
        </test-method> <!-- NavigateToApp -->
        <test-method status="SKIP" signature="endTest()[pri:0, instance:com.interswitchgroup.V3P.BaseTests.UserLogin@6fd02e5]" name="endTest" is-config="true" duration-ms="0" started-at="2017-10-07T07:57:11Z" finished-at="2017-10-07T07:57:11Z">
          <reporter-output>
          </reporter-output>
        </test-method> <!-- endTest -->
        <test-method status="SKIP" signature="SuiteTeardown()[pri:0, instance:com.interswitchgroup.V3P.BaseTests.UserLogin@6fd02e5]" name="SuiteTeardown" is-config="true" duration-ms="0" started-at="2017-10-07T07:57:12Z" finished-at="2017-10-07T07:57:12Z">
          <reporter-output>
          </reporter-output>
        </test-method> <!-- SuiteTeardown -->
      </class> <!-- com.interswitchgroup.V3P.BaseTests.UserLogin -->
    </test> <!-- SMS Transaction Search -->
  </suite> <!-- Bank Management TestSuite -->
</testng-results>
