<?xml version="1.0" encoding="UTF-8"?>
<!-- Generated by org.testng.reporters.JUnitXMLReporter -->
<testsuite hostname="ISW-TQ-OO2" name="Processed File Monitoring" tests="4" failures="0" timestamp="6 Oct 2017 15:14:57 GMT" time="0.228" errors="0">
  <testcase name="@BeforeTest StartTest" time="0.0" classname="com.interswitchgroup.V3P.BaseTests.UserLogin">
    <failure type="java.lang.IllegalStateException" message="The driver executable does not exist: C:\Drivers\chromedriver.exe">
      <![CDATA[java.lang.IllegalStateException: The driver executable does not exist: C:\Drivers\chromedriver.exe
	at com.google.common.base.Preconditions.checkState(Preconditions.java:199)
	at org.openqa.selenium.remote.service.DriverService.checkExecutable(DriverService.java:121)
	at org.openqa.selenium.remote.service.DriverService.findExecutable(DriverService.java:116)
	at org.openqa.selenium.chrome.ChromeDriverService.access$000(ChromeDriverService.java:32)
	at org.openqa.selenium.chrome.ChromeDriverService$Builder.findDefaultExecutable(ChromeDriverService.java:137)
	at org.openqa.selenium.remote.service.DriverService$Builder.build(DriverService.java:296)
	at org.openqa.selenium.chrome.ChromeDriverService.createDefaultService(ChromeDriverService.java:88)
	at org.openqa.selenium.chrome.ChromeDriver.<init>(ChromeDriver.java:120)
	at com.interswitchgroup.V3P.Utilities.BrowserFactory.getBrowser(BrowserFactory.java:50)
	at com.interswitchgroup.V3P.BaseTests.BaseTest.StartTest(BaseTest.java:42)
... Removed 22 stack frames]]>
    </failure>
  </testcase> <!-- @BeforeTest StartTest -->
  <testcase name="@BeforeTest TestInit" time="0.0" classname="com.interswitchgroup.V3P.BaseTests.UserLogin">
    <skipped/>
  </testcase> <!-- @BeforeTest TestInit -->
  <testcase name="@AfterTest endTest" time="0.0" classname="com.interswitchgroup.V3P.BaseTests.UserLogin">
    <skipped/>
  </testcase> <!-- @AfterTest endTest -->
  <testcase name="SignIn" time="0.002" classname="com.interswitchgroup.V3P.BaseTests.UserLogin">
    <skipped/>
  </testcase> <!-- SignIn -->
  <testcase name="NavigateToApp" time="0.001" classname="com.interswitchgroup.V3P.BaseTests.UserLogin">
    <skipped/>
  </testcase> <!-- NavigateToApp -->
  <testcase name="monitorFile" time="0.002" classname="com.interswitchgroup.V3P.SwitchMgt.FileMonitoring">
    <skipped/>
  </testcase> <!-- monitorFile -->
  <testcase name="Logout" time="0.002" classname="com.interswitchgroup.V3P.BaseTests.UserLogout">
    <skipped/>
  </testcase> <!-- Logout -->
</testsuite> <!-- Processed File Monitoring -->
